<?xml version="1.0" encoding="UTF-8"?>
<testng-results ignored="0" total="1" passed="1" failed="0" skipped="0">
  <reporter-output>
  </reporter-output>
  <suite started-at="2024-08-21T21:09:29 IST" name="Default suite" finished-at="2024-08-21T21:09:46 IST" duration-ms="17444">
    <groups>
    </groups>
    <test started-at="2024-08-21T21:09:29 IST" name="Default test" finished-at="2024-08-21T21:09:46 IST" duration-ms="17444">
      <class name="NewTestNGClass">
        <test-method signature="OrangeHRMCreation()[pri:0, instance:NewTestNGClass@71a8adcf]" started-at="2024-08-21T21:09:29 IST" name="OrangeHRMCreation" finished-at="2024-08-21T21:09:46 IST" duration-ms="17377" status="PASS">
          <reporter-output>
          </reporter-output>
        </test-method> <!-- OrangeHRMCreation -->
      </class> <!-- NewTestNGClass -->
    </test> <!-- Default test -->
  </suite> <!-- Default suite -->
</testng-results>
